<?xml version="1.0" encoding="UTF-8"?>
<!-- Generated by org.testng.reporters.JUnitReportReporter -->
<testsuite hostname="RavikumarPC" failures="0" tests="6" name="test1.Sample3" time="0.007" errors="0" timestamp="2022-12-15T11:08:30 IST" skipped="0">
  <testcase classname="test1.Sample3" name="usedata" time="0.001"/>
  <system-out/>
  <testcase classname="test1.Sample3" name="usedata" time="0.000"/>
  <system-out/>
  <testcase classname="test1.Sample3" name="MobilelogincHomeloan" time="0.003"/>
  <system-out/>
  <testcase classname="test1.Sample3" name="webloginHomeloan" time="0.001"/>
  <system-out/>
  <testcase classname="test1.Sample3" name="APIloginHomeloan" time="0.001"/>
  <system-out/>
  <testcase classname="test1.Sample3" name="usedata" time="0.001"/>
  <system-out/>
</testsuite> <!-- test1.Sample3 -->
