<?xml version="1.0" encoding="UTF-8"?>
<!-- Generated by org.testng.reporters.JUnitReportReporter -->
<testsuite hostname="RavikumarPC" failures="0" tests="2" name="test1.sample2" time="0.002" errors="0" timestamp="2022-12-15T11:08:30 IST" skipped="0">
  <testcase classname="test1.sample2" name="APIlogincarloan" time="0.001"/>
  <system-out/>
  <testcase classname="test1.sample2" name="weblogincarloan" time="0.001"/>
  <system-out/>
</testsuite> <!-- test1.sample2 -->
